[2026-02-02 22:42:44Z INFO HostContext] No proxy settings were found based on environmental variables (http_proxy/https_proxy/HTTP_PROXY/HTTPS_PROXY)
[2026-02-02 22:42:44Z INFO HostContext] Well known directory 'Bin': 'C:\Users\dionisio.soares\Workspace\Github-pessoal\cypress-e2e\actions-runner\bin'
[2026-02-02 22:42:44Z INFO HostContext] Well known directory 'Root': 'C:\Users\dionisio.soares\Workspace\Github-pessoal\cypress-e2e\actions-runner'
[2026-02-02 22:42:44Z INFO HostContext] Well known config file 'Credentials': 'C:\Users\dionisio.soares\Workspace\Github-pessoal\cypress-e2e\actions-runner\.credentials'
[2026-02-02 22:42:45Z INFO HostContext] Well known directory 'Bin': 'C:\Users\dionisio.soares\Workspace\Github-pessoal\cypress-e2e\actions-runner\bin'
[2026-02-02 22:42:45Z INFO HostContext] Well known directory 'Root': 'C:\Users\dionisio.soares\Workspace\Github-pessoal\cypress-e2e\actions-runner'
[2026-02-02 22:42:45Z INFO HostContext] Well known config file 'Runner': 'C:\Users\dionisio.soares\Workspace\Github-pessoal\cypress-e2e\actions-runner\.runner'
[2026-02-02 22:42:45Z INFO Listener] Runner is built for Windows (X64) - win-x64.
[2026-02-02 22:42:45Z INFO Listener] RuntimeInformation: Microsoft Windows 10.0.26100.
[2026-02-02 22:42:45Z INFO Listener] Version: 2.331.0
[2026-02-02 22:42:45Z INFO Listener] Commit: 39f6c643d3032f8795fa71f1482731ca90c8e038
[2026-02-02 22:42:45Z INFO Listener] Culture: pt-BR
[2026-02-02 22:42:45Z INFO Listener] UI Culture: pt-BR
[2026-02-02 22:42:45Z INFO HostContext] Well known directory 'Bin': 'C:\Users\dionisio.soares\Workspace\Github-pessoal\cypress-e2e\actions-runner\bin'
[2026-02-02 22:42:45Z INFO HostContext] Well known directory 'Root': 'C:\Users\dionisio.soares\Workspace\Github-pessoal\cypress-e2e\actions-runner'
[2026-02-02 22:42:45Z INFO Listener] Validating directory permissions for: 'C:\Users\dionisio.soares\Workspace\Github-pessoal\cypress-e2e\actions-runner'
[2026-02-02 22:42:45Z INFO CommandLineParser] Parse
[2026-02-02 22:42:45Z INFO CommandLineParser] Parsing 1 args
[2026-02-02 22:42:45Z INFO CommandLineParser] parsing argument
[2026-02-02 22:42:45Z INFO CommandLineParser] HasArgs: False
[2026-02-02 22:42:45Z INFO CommandLineParser] Adding Command: run
[2026-02-02 22:42:45Z INFO Listener] Arguments parsed
[2026-02-02 22:42:45Z INFO Runner] ExecuteCommand
[2026-02-02 22:42:45Z INFO ConfigurationStore] currentAssemblyLocation: C:\Users\dionisio.soares\Workspace\Github-pessoal\cypress-e2e\actions-runner\bin\Runner.Listener.dll
[2026-02-02 22:42:45Z INFO HostContext] Well known directory 'Bin': 'C:\Users\dionisio.soares\Workspace\Github-pessoal\cypress-e2e\actions-runner\bin'
[2026-02-02 22:42:45Z INFO ConfigurationStore] binPath: C:\Users\dionisio.soares\Workspace\Github-pessoal\cypress-e2e\actions-runner\bin
[2026-02-02 22:42:45Z INFO HostContext] Well known directory 'Bin': 'C:\Users\dionisio.soares\Workspace\Github-pessoal\cypress-e2e\actions-runner\bin'
[2026-02-02 22:42:45Z INFO HostContext] Well known directory 'Root': 'C:\Users\dionisio.soares\Workspace\Github-pessoal\cypress-e2e\actions-runner'
[2026-02-02 22:42:45Z INFO ConfigurationStore] RootFolder: C:\Users\dionisio.soares\Workspace\Github-pessoal\cypress-e2e\actions-runner
[2026-02-02 22:42:45Z INFO HostContext] Well known directory 'Bin': 'C:\Users\dionisio.soares\Workspace\Github-pessoal\cypress-e2e\actions-runner\bin'
[2026-02-02 22:42:45Z INFO HostContext] Well known directory 'Root': 'C:\Users\dionisio.soares\Workspace\Github-pessoal\cypress-e2e\actions-runner'
[2026-02-02 22:42:45Z INFO HostContext] Well known config file 'Runner': 'C:\Users\dionisio.soares\Workspace\Github-pessoal\cypress-e2e\actions-runner\.runner'
[2026-02-02 22:42:45Z INFO ConfigurationStore] ConfigFilePath: C:\Users\dionisio.soares\Workspace\Github-pessoal\cypress-e2e\actions-runner\.runner
[2026-02-02 22:42:45Z INFO HostContext] Well known directory 'Bin': 'C:\Users\dionisio.soares\Workspace\Github-pessoal\cypress-e2e\actions-runner\bin'
[2026-02-02 22:42:45Z INFO HostContext] Well known directory 'Root': 'C:\Users\dionisio.soares\Workspace\Github-pessoal\cypress-e2e\actions-runner'
[2026-02-02 22:42:45Z INFO HostContext] Well known config file 'MigratedRunner': 'C:\Users\dionisio.soares\Workspace\Github-pessoal\cypress-e2e\actions-runner\.runner_migrated'
[2026-02-02 22:42:45Z INFO ConfigurationStore] MigratedConfigFilePath: C:\Users\dionisio.soares\Workspace\Github-pessoal\cypress-e2e\actions-runner\.runner_migrated
[2026-02-02 22:42:45Z INFO HostContext] Well known directory 'Bin': 'C:\Users\dionisio.soares\Workspace\Github-pessoal\cypress-e2e\actions-runner\bin'
[2026-02-02 22:42:45Z INFO HostContext] Well known directory 'Root': 'C:\Users\dionisio.soares\Workspace\Github-pessoal\cypress-e2e\actions-runner'
[2026-02-02 22:42:45Z INFO HostContext] Well known config file 'Credentials': 'C:\Users\dionisio.soares\Workspace\Github-pessoal\cypress-e2e\actions-runner\.credentials'
[2026-02-02 22:42:45Z INFO ConfigurationStore] CredFilePath: C:\Users\dionisio.soares\Workspace\Github-pessoal\cypress-e2e\actions-runner\.credentials
[2026-02-02 22:42:45Z INFO HostContext] Well known directory 'Bin': 'C:\Users\dionisio.soares\Workspace\Github-pessoal\cypress-e2e\actions-runner\bin'
[2026-02-02 22:42:45Z INFO HostContext] Well known directory 'Root': 'C:\Users\dionisio.soares\Workspace\Github-pessoal\cypress-e2e\actions-runner'
[2026-02-02 22:42:45Z INFO HostContext] Well known config file 'MigratedCredentials': 'C:\Users\dionisio.soares\Workspace\Github-pessoal\cypress-e2e\actions-runner\.credentials_migrated'
[2026-02-02 22:42:45Z INFO ConfigurationStore] MigratedCredFilePath: C:\Users\dionisio.soares\Workspace\Github-pessoal\cypress-e2e\actions-runner\.credentials_migrated
[2026-02-02 22:42:45Z INFO HostContext] Well known directory 'Bin': 'C:\Users\dionisio.soares\Workspace\Github-pessoal\cypress-e2e\actions-runner\bin'
[2026-02-02 22:42:45Z INFO HostContext] Well known directory 'Root': 'C:\Users\dionisio.soares\Workspace\Github-pessoal\cypress-e2e\actions-runner'
[2026-02-02 22:42:45Z INFO HostContext] Well known config file 'Service': 'C:\Users\dionisio.soares\Workspace\Github-pessoal\cypress-e2e\actions-runner\.service'
[2026-02-02 22:42:45Z INFO ConfigurationStore] ServiceConfigFilePath: C:\Users\dionisio.soares\Workspace\Github-pessoal\cypress-e2e\actions-runner\.service
[2026-02-02 22:42:45Z INFO CommandSettings] Flag 'help': 'False'
[2026-02-02 22:42:45Z INFO CommandSettings] Flag 'version': 'False'
[2026-02-02 22:42:45Z INFO CommandSettings] Flag 'commit': 'False'
[2026-02-02 22:42:45Z INFO CommandSettings] Flag 'check': 'False'
[2026-02-02 22:42:45Z INFO CommandSettings] Command 'configure': 'False'
[2026-02-02 22:42:45Z INFO CommandSettings] Command 'remove': 'False'
[2026-02-02 22:42:45Z INFO CommandSettings] Command 'warmup': 'False'
[2026-02-02 22:42:45Z INFO ConfigurationManager] LoadSettings
[2026-02-02 22:42:45Z INFO ConfigurationStore] IsConfigured()
[2026-02-02 22:42:45Z INFO ConfigurationStore] IsConfigured: True
[2026-02-02 22:42:45Z INFO ConfigurationManager] Is configured: True
[2026-02-02 22:42:45Z INFO ConfigurationStore] Read setting file: 391 chars
[2026-02-02 22:42:45Z INFO ConfigurationManager] Settings Loaded
[2026-02-02 22:42:45Z INFO ConfigurationStore] IsServiceConfigured()
[2026-02-02 22:42:45Z INFO ConfigurationStore] IsServiceConfigured: False
[2026-02-02 22:42:45Z INFO CommandSettings] Command 'run': 'True'
[2026-02-02 22:42:45Z INFO ConfigurationStore] IsConfigured()
[2026-02-02 22:42:45Z INFO ConfigurationStore] IsConfigured: True
[2026-02-02 22:42:45Z INFO ConfigurationManager] Is configured: True
[2026-02-02 22:42:45Z INFO Runner] Could not parse the argument value '' for StartupType. Defaulting to Manual
[2026-02-02 22:42:45Z INFO Runner] Set runner startup type - Manual
[2026-02-02 22:42:45Z INFO CommandSettings] Flag 'once': 'False'
[2026-02-02 22:42:45Z INFO CommandSettings] Flag 'once': 'False'
[2026-02-02 22:42:45Z INFO Runner] RunAsync
[2026-02-02 22:42:45Z INFO ConfigurationManager] LoadMigratedSettings
[2026-02-02 22:42:45Z INFO ConfigurationStore] IsMigratedConfigured()
[2026-02-02 22:42:45Z INFO ConfigurationStore] IsMigratedConfigured: False
[2026-02-02 22:42:45Z INFO Runner] Failed to load migrated settings: No migrated configuration found.
[2026-02-02 22:42:45Z INFO Runner] Falling back to original .runner settings
[2026-02-02 22:42:45Z INFO Runner] Using BrokerMessageListener
[2026-02-02 22:42:45Z INFO BrokerMessageListener] Using provided settings
[2026-02-02 22:42:45Z INFO BrokerMessageListener] {
  "AgentId": 2,
  "AgentName": "test-runner-Dio",
  "PoolId": 1,
  "PoolName": "Default",
  "ServerUrl": "https://pipelinesghubeus13.actions.githubusercontent.com/JjQjNqYQKAtLseOPfOv3bLTwIqcCzXZk7woVJu0GGqmYBmqoAb/",
  "GitHubUrl": "https://github.com/EuSouDio/ssh",
  "WorkFolder": "_work",
  "UseV2Flow": true,
  "ServerUrlV2": "https://broker.actions.githubusercontent.com/"
}
[2026-02-02 22:42:45Z INFO BrokerMessageListener] Loading Credentials
[2026-02-02 22:42:45Z INFO ConfigurationStore] HasCredentials()
[2026-02-02 22:42:45Z INFO ConfigurationStore] stored True
[2026-02-02 22:42:45Z INFO CredentialManager] GetCredentialProvider
[2026-02-02 22:42:45Z INFO CredentialManager] Creating type OAuth
[2026-02-02 22:42:45Z INFO CredentialManager] Creating credential type: OAuth
[2026-02-02 22:42:45Z INFO HostContext] Well known directory 'Bin': 'C:\Users\dionisio.soares\Workspace\Github-pessoal\cypress-e2e\actions-runner\bin'
[2026-02-02 22:42:45Z INFO HostContext] Well known directory 'Root': 'C:\Users\dionisio.soares\Workspace\Github-pessoal\cypress-e2e\actions-runner'
[2026-02-02 22:42:45Z INFO HostContext] Well known config file 'RSACredentials': 'C:\Users\dionisio.soares\Workspace\Github-pessoal\cypress-e2e\actions-runner\.credentials_rsaparams'
[2026-02-02 22:42:45Z INFO RSAEncryptedFileKeyManager] Loading RSA key parameters from file C:\Users\dionisio.soares\Workspace\Github-pessoal\cypress-e2e\actions-runner\.credentials_rsaparams
[2026-02-02 22:42:45Z INFO BrokerMessageListener] Attempt to create session.
[2026-02-02 22:42:45Z INFO BrokerMessageListener] Connecting to the Broker Server...
[2026-02-02 22:42:45Z INFO ConfigurationStore] HasCredentials()
[2026-02-02 22:42:45Z INFO ConfigurationStore] stored True
[2026-02-02 22:42:45Z INFO CredentialManager] GetCredentialProvider
[2026-02-02 22:42:45Z INFO CredentialManager] Creating type OAuth
[2026-02-02 22:42:45Z INFO CredentialManager] Creating credential type: OAuth
[2026-02-02 22:42:45Z INFO RSAEncryptedFileKeyManager] Loading RSA key parameters from file C:\Users\dionisio.soares\Workspace\Github-pessoal\cypress-e2e\actions-runner\.credentials_rsaparams
[2026-02-02 22:42:45Z INFO BrokerMessageListener] VssConnection created
[2026-02-02 22:42:45Z INFO BrokerMessageListener] Connecting to the Runner server...
[2026-02-02 22:42:45Z INFO RunnerServer] EstablishVssConnection
[2026-02-02 22:42:45Z INFO RunnerServer] Establish connection with 100 seconds timeout.
[2026-02-02 22:42:45Z INFO GitHubActionsService] Starting operation Location.GetConnectionData
[2026-02-02 22:42:45Z INFO RunnerServer] EstablishVssConnection
[2026-02-02 22:42:45Z INFO RunnerServer] Establish connection with 60 seconds timeout.
[2026-02-02 22:42:45Z INFO GitHubActionsService] Starting operation Location.GetConnectionData
[2026-02-02 22:42:45Z INFO RunnerServer] EstablishVssConnection
[2026-02-02 22:42:45Z INFO RunnerServer] Establish connection with 60 seconds timeout.
[2026-02-02 22:42:45Z INFO GitHubActionsService] Starting operation Location.GetConnectionData
